c:\users\jose_\desktop\emulador_759_v24\code\dbsrv\debug\vc142.pdb
c:\users\jose_\desktop\emulador_759_v24\code\dbsrv\debug\vc142.idb
c:\users\jose_\desktop\emulador_759_v24\code\dbsrv\debug\cfiledb.obj
c:\users\jose_\desktop\emulador_759_v24\code\dbsrv\debug\cpsock.obj
c:\users\jose_\desktop\emulador_759_v24\code\dbsrv\debug\basedef.obj
c:\users\jose_\desktop\emulador_759_v24\code\dbsrv\debug\cuser.obj
c:\users\jose_\desktop\emulador_759_v24\code\dbsrv\debug\creadfiles.obj
c:\users\jose_\desktop\emulador_759_v24\code\dbsrv\debug\cranking.obj
c:\users\jose_\desktop\emulador_759_v24\code\dbsrv\debug\windowsxp_ipv4.obj
c:\users\jose_\desktop\emulador_759_v24\code\dbsrv\debug\server.obj
c:\users\jose_\desktop\debug\dbsrv\dbsrv.ilk
c:\users\jose_\desktop\debug\dbsrv\dbsrv.exe
c:\users\jose_\desktop\debug\dbsrv\dbsrv.pdb
c:\users\jose_\desktop\emulador_759_v24\code\dbsrv\debug\dbsrv.res
c:\users\jose_\desktop\emulador_759_v24\code\dbsrv\..\..\..\debug\dbsrv\dbsrv.exe
c:\users\jose_\desktop\emulador_759_v24\code\dbsrv\debug\dbsrv.tlog\cl.command.1.tlog
c:\users\jose_\desktop\emulador_759_v24\code\dbsrv\debug\dbsrv.tlog\cl.read.1.tlog
c:\users\jose_\desktop\emulador_759_v24\code\dbsrv\debug\dbsrv.tlog\cl.write.1.tlog
c:\users\jose_\desktop\emulador_759_v24\code\dbsrv\debug\dbsrv.tlog\link.command.1.tlog
c:\users\jose_\desktop\emulador_759_v24\code\dbsrv\debug\dbsrv.tlog\link.read.1.tlog
c:\users\jose_\desktop\emulador_759_v24\code\dbsrv\debug\dbsrv.tlog\link.write.1.tlog
c:\users\jose_\desktop\emulador_759_v24\code\dbsrv\debug\dbsrv.tlog\rc.command.1.tlog
c:\users\jose_\desktop\emulador_759_v24\code\dbsrv\debug\dbsrv.tlog\rc.read.1.tlog
c:\users\jose_\desktop\emulador_759_v24\code\dbsrv\debug\dbsrv.tlog\rc.write.1.tlog
