c:\users\jose_\desktop\debug 2\tmsrv.ilk
c:\users\jose_\desktop\debug 2\tmsrv.exe
c:\users\jose_\desktop\debug 2\tmsrv.pdb
c:\users\jose_\desktop\emulador759-master\code\tmsrv\debug\tmsrv.res
c:\users\jose_\desktop\emulador_759_v24\code\tmsrv\debug\basedef.obj
c:\users\jose_\desktop\emulador_759_v24\code\tmsrv\debug\cbatalhareal.obj
c:\users\jose_\desktop\emulador_759_v24\code\tmsrv\debug\ccastlezakum.obj
c:\users\jose_\desktop\emulador_759_v24\code\tmsrv\debug\ccoliseua.obj
c:\users\jose_\desktop\emulador_759_v24\code\tmsrv\debug\ccoliseum.obj
c:\users\jose_\desktop\emulador_759_v24\code\tmsrv\debug\ccoliseun.obj
c:\users\jose_\desktop\emulador_759_v24\code\tmsrv\debug\ccubo.obj
c:\users\jose_\desktop\emulador_759_v24\code\tmsrv\debug\citem.obj
c:\users\jose_\desktop\emulador_759_v24\code\tmsrv\debug\cmob.obj
c:\users\jose_\desktop\emulador_759_v24\code\tmsrv\debug\cnpcgene.obj
c:\users\jose_\desktop\emulador_759_v24\code\tmsrv\debug\cpsock.obj
c:\users\jose_\desktop\emulador_759_v24\code\tmsrv\debug\creadfiles.obj
c:\users\jose_\desktop\emulador_759_v24\code\tmsrv\debug\cuser.obj
c:\users\jose_\desktop\emulador_759_v24\code\tmsrv\debug\cwartower.obj
c:\users\jose_\desktop\emulador_759_v24\code\tmsrv\debug\getfunc.obj
c:\users\jose_\desktop\emulador_759_v24\code\tmsrv\debug\mobkilled.obj
c:\users\jose_\desktop\emulador_759_v24\code\tmsrv\debug\processclientmessage.obj
c:\users\jose_\desktop\emulador_759_v24\code\tmsrv\debug\processdbmessage.obj
c:\users\jose_\desktop\emulador_759_v24\code\tmsrv\debug\processsecmintimer.obj
c:\users\jose_\desktop\emulador_759_v24\code\tmsrv\debug\sendfunc.obj
c:\users\jose_\desktop\emulador_759_v24\code\tmsrv\debug\server.obj
c:\users\jose_\desktop\emulador_759_v24\code\tmsrv\debug\_msg_acceptparty.obj
c:\users\jose_\desktop\emulador_759_v24\code\tmsrv\debug\_msg_accountlogin.obj
c:\users\jose_\desktop\emulador_759_v24\code\tmsrv\debug\_msg_accountsecure.obj
c:\users\jose_\desktop\emulador_759_v24\code\tmsrv\debug\_msg_action.obj
c:\users\jose_\desktop\emulador_759_v24\code\tmsrv\debug\_msg_apostafreyja.obj
c:\users\jose_\desktop\emulador_759_v24\code\tmsrv\debug\_msg_applybonus.obj
c:\users\jose_\desktop\emulador_759_v24\code\tmsrv\debug\_msg_attack.obj
c:\users\jose_\desktop\emulador_759_v24\code\tmsrv\debug\_msg_buy.obj
c:\users\jose_\desktop\emulador_759_v24\code\tmsrv\debug\_msg_capsuleinfo.obj
c:\users\jose_\desktop\emulador_759_v24\code\tmsrv\debug\_msg_challange.obj
c:\users\jose_\desktop\emulador_759_v24\code\tmsrv\debug\_msg_challangeconfirm.obj
c:\users\jose_\desktop\emulador_759_v24\code\tmsrv\debug\_msg_changecity.obj
c:\users\jose_\desktop\emulador_759_v24\code\tmsrv\debug\_msg_characterlogin.obj
c:\users\jose_\desktop\emulador_759_v24\code\tmsrv\debug\_msg_characterlogout.obj
c:\users\jose_\desktop\emulador_759_v24\code\tmsrv\debug\_msg_combineitem.obj
c:\users\jose_\desktop\emulador_759_v24\code\tmsrv\debug\_msg_combineitemagatha.obj
c:\users\jose_\desktop\emulador_759_v24\code\tmsrv\debug\_msg_combineitemailyn.obj
c:\users\jose_\desktop\emulador_759_v24\code\tmsrv\debug\_msg_combineitemalquimia.obj
c:\users\jose_\desktop\emulador_759_v24\code\tmsrv\debug\_msg_combineitemdedekinto.obj
c:\users\jose_\desktop\emulador_759_v24\code\tmsrv\debug\_msg_combineitemehre.obj
c:\users\jose_\desktop\emulador_759_v24\code\tmsrv\debug\_msg_combineitemextracao.obj
c:\users\jose_\desktop\emulador_759_v24\code\tmsrv\debug\_msg_combineitemlindy.obj
c:\users\jose_\desktop\emulador_759_v24\code\tmsrv\debug\_msg_combineitemodin.obj
c:\users\jose_\desktop\emulador_759_v24\code\tmsrv\debug\_msg_combineitemshany.obj
c:\users\jose_\desktop\emulador_759_v24\code\tmsrv\debug\_msg_combineitemtiny.obj
c:\users\jose_\desktop\emulador_759_v24\code\tmsrv\debug\_msg_createcharacter.obj
c:\users\jose_\desktop\emulador_759_v24\code\tmsrv\debug\_msg_deletecharacter.obj
c:\users\jose_\desktop\emulador_759_v24\code\tmsrv\debug\_msg_deleteitem.obj
c:\users\jose_\desktop\emulador_759_v24\code\tmsrv\debug\_msg_deposit.obj
c:\users\jose_\desktop\emulador_759_v24\code\tmsrv\debug\_msg_deprivate.obj
c:\users\jose_\desktop\emulador_759_v24\code\tmsrv\debug\_msg_dropitem.obj
c:\users\jose_\desktop\emulador_759_v24\code\tmsrv\debug\_msg_getitem.obj
c:\users\jose_\desktop\emulador_759_v24\code\tmsrv\debug\_msg_griffinmaster.obj
c:\users\jose_\desktop\emulador_759_v24\code\tmsrv\debug\_msg_guildally.obj
c:\users\jose_\desktop\emulador_759_v24\code\tmsrv\debug\_msg_imple.obj
c:\users\jose_\desktop\emulador_759_v24\code\tmsrv\debug\_msg_inviteguild.obj
c:\users\jose_\desktop\emulador_759_v24\code\tmsrv\debug\_msg_messagechat.obj
c:\users\jose_\desktop\emulador_759_v24\code\tmsrv\debug\_msg_messagewhisper.obj
c:\users\jose_\desktop\emulador_759_v24\code\tmsrv\debug\_msg_motion.obj
c:\users\jose_\desktop\emulador_759_v24\code\tmsrv\debug\_msg_noviewmob.obj
c:\users\jose_\desktop\emulador_759_v24\code\tmsrv\debug\_msg_pkmode.obj
c:\users\jose_\desktop\emulador_759_v24\code\tmsrv\debug\_msg_putoutseal.obj
c:\users\jose_\desktop\emulador_759_v24\code\tmsrv\debug\_msg_quest.obj
c:\users\jose_\desktop\emulador_759_v24\code\tmsrv\debug\_msg_quittrade.obj
c:\users\jose_\desktop\emulador_759_v24\code\tmsrv\debug\_msg_quiz.obj
c:\users\jose_\desktop\emulador_759_v24\code\tmsrv\debug\_msg_rebuy.obj
c:\users\jose_\desktop\emulador_759_v24\code\tmsrv\debug\_msg_removeparty.obj
c:\users\jose_\desktop\emulador_759_v24\code\tmsrv\debug\_msg_reqbuy.obj
c:\users\jose_\desktop\emulador_759_v24\code\tmsrv\debug\_msg_reqranking.obj
c:\users\jose_\desktop\emulador_759_v24\code\tmsrv\debug\_msg_reqshoplist.obj
c:\users\jose_\desktop\emulador_759_v24\code\tmsrv\debug\_msg_reqteleport.obj
c:\users\jose_\desktop\emulador_759_v24\code\tmsrv\debug\_msg_reqtradelist.obj
c:\users\jose_\desktop\emulador_759_v24\code\tmsrv\debug\_msg_restart.obj
c:\users\jose_\desktop\emulador_759_v24\code\tmsrv\debug\_msg_sell.obj
c:\users\jose_\desktop\emulador_759_v24\code\tmsrv\debug\_msg_sendautotrade.obj
c:\users\jose_\desktop\emulador_759_v24\code\tmsrv\debug\_msg_sendreqparty.obj
c:\users\jose_\desktop\emulador_759_v24\code\tmsrv\debug\_msg_setshortskill.obj
c:\users\jose_\desktop\emulador_759_v24\code\tmsrv\debug\_msg_splititem.obj
c:\users\jose_\desktop\emulador_759_v24\code\tmsrv\debug\_msg_trade.obj
c:\users\jose_\desktop\emulador_759_v24\code\tmsrv\debug\_msg_tradingitem.obj
c:\users\jose_\desktop\emulador_759_v24\code\tmsrv\debug\_msg_updateitem.obj
c:\users\jose_\desktop\emulador_759_v24\code\tmsrv\debug\_msg_useitem.obj
c:\users\jose_\desktop\emulador_759_v24\code\tmsrv\debug\_msg_war.obj
c:\users\jose_\desktop\emulador_759_v24\code\tmsrv\debug\_msg_withdraw.obj
c:\users\jose_\desktop\emulador_759_v24\code\tmsrv\debug\tmsrv.res
c:\users\jose_\desktop\emulador_759_v24\code\tmsrv\debug\vc142.idb
c:\users\jose_\desktop\emulador_759_v24\code\tmsrv\debug\vc142.pdb
c:\users\jose_\desktop\emulador_759_v24\code\tmsrv\..\..\..\debug\tmsrv\tmsrv.exe
c:\users\jose_\desktop\emulador_759_v24\code\tmsrv\debug\tmsrv.tlog\cl.command.1.tlog
c:\users\jose_\desktop\emulador_759_v24\code\tmsrv\debug\tmsrv.tlog\cl.read.1.tlog
c:\users\jose_\desktop\emulador_759_v24\code\tmsrv\debug\tmsrv.tlog\cl.write.1.tlog
c:\users\jose_\desktop\emulador_759_v24\code\tmsrv\debug\tmsrv.tlog\link.command.1.tlog
c:\users\jose_\desktop\emulador_759_v24\code\tmsrv\debug\tmsrv.tlog\link.read.1.tlog
c:\users\jose_\desktop\emulador_759_v24\code\tmsrv\debug\tmsrv.tlog\link.write.1.tlog
c:\users\jose_\desktop\emulador_759_v24\code\tmsrv\debug\tmsrv.tlog\rc.command.1.tlog
c:\users\jose_\desktop\emulador_759_v24\code\tmsrv\debug\tmsrv.tlog\rc.read.1.tlog
c:\users\jose_\desktop\emulador_759_v24\code\tmsrv\debug\tmsrv.tlog\rc.write.1.tlog
