e:\malech 759\emulador_759_v23\code\clientpatch_v759\debug\vc120.pdb
e:\malech 759\emulador_759_v23\code\clientpatch_v759\debug\main.obj
e:\malech 759\emulador_759_v23\code\clientpatch_v759\debug\hooknaked.obj
e:\malech 759\emulador_759_v23\code\clientpatch_v759\debug\ahacker.obj
e:\malech 759\emulador_759_v23\code\clientpatch_v759\debug\volatilemessagebox.obj
e:\malech 759\emulador_759_v23\code\clientpatch_v759\debug\updateresource.obj
e:\malech 759\emulador_759_v23\code\clientpatch_v759\debug\teclapressnewbutton﻿.obj
e:\malech 759\emulador_759_v23\code\clientpatch_v759\debug\setitempricestring.obj
e:\malech 759\emulador_759_v23\code\clientpatch_v759\debug\sendexpmsg.obj
e:\malech 759\emulador_759_v23\code\clientpatch_v759\debug\sendchat.obj
e:\malech 759\emulador_759_v23\code\clientpatch_v759\debug\newmount.obj
e:\malech 759\emulador_759_v23\code\clientpatch_v759\debug\newitemday.obj
e:\malech 759\emulador_759_v23\code\clientpatch_v759\debug\mainloop.obj
e:\malech 759\emulador_759_v23\code\clientpatch_v759\debug\itemtooltipe.obj
e:\malech 759\emulador_759_v23\code\clientpatch_v759\debug\itempriceformatdecimal.obj
e:\malech 759\emulador_759_v23\code\clientpatch_v759\debug\itemdescription.obj
e:\malech 759\emulador_759_v23\code\clientpatch_v759\debug\greentime.obj
e:\malech 759\emulador_759_v23\code\clientpatch_v759\debug\globalpoint.obj
e:\malech 759\emulador_759_v23\code\clientpatch_v759\debug\getitemabilityesferas.obj
e:\malech 759\emulador_759_v23\code\clientpatch_v759\debug\controlmousecontroller.obj
e:\malech 759\emulador_759_v23\code\clientpatch_v759\debug\changetabcolor.obj
e:\malech 759\emulador_759_v23\code\clientpatch_v759\debug\cclientinfo.obj
e:\malech 759\emulador_759_v23\code\clientpatch_v759\debug\buttoncontrol.obj
e:\malech 759\emulador_759_v23\code\clientpatch_v759\debug\client_sended.obj
e:\malech 759\emulador_759_v23\code\clientpatch_v759\debug\client_handler.obj
e:\malech 759\emulador_759_v23\code\clientpatch_v759\debug\client_receiver.obj
e:\malech 759\emulador_759_v23\code\clientpatch_v759\debug\macronewpotions.obj
c:\users\jose_\desktop\emulador_759_v24\code\clientpatch_v759\debug\vc142.pdb
c:\users\jose_\desktop\emulador_759_v24\code\clientpatch_v759\debug\mainloop.obj
c:\users\jose_\desktop\emulador_759_v24\code\clientpatch_v759\debug\main.obj
c:\users\jose_\desktop\emulador_759_v24\code\clientpatch_v759\debug\macronewpotions.obj
c:\users\jose_\desktop\emulador_759_v24\code\clientpatch_v759\debug\itempriceformatdecimal.obj
c:\users\jose_\desktop\emulador_759_v24\code\clientpatch_v759\debug\itemdescription.obj
c:\users\jose_\desktop\emulador_759_v24\code\clientpatch_v759\debug\hooknaked.obj
c:\users\jose_\desktop\emulador_759_v24\code\clientpatch_v759\debug\greentime.obj
c:\users\jose_\desktop\emulador_759_v24\code\clientpatch_v759\debug\globalpoint.obj
c:\users\jose_\desktop\emulador_759_v24\code\clientpatch_v759\debug\getitemabilityesferas.obj
c:\users\jose_\desktop\emulador_759_v24\code\clientpatch_v759\debug\controlmousecontroller.obj
c:\users\jose_\desktop\emulador_759_v24\code\clientpatch_v759\debug\client_sended.obj
c:\users\jose_\desktop\emulador_759_v24\code\clientpatch_v759\debug\client_receiver.obj
c:\users\jose_\desktop\emulador_759_v24\code\clientpatch_v759\debug\client_handler.obj
c:\users\jose_\desktop\emulador_759_v24\code\clientpatch_v759\debug\changetabcolor.obj
c:\users\jose_\desktop\emulador_759_v24\code\clientpatch_v759\debug\cclientinfo.obj
c:\users\jose_\desktop\emulador_759_v24\code\clientpatch_v759\debug\buttoncontrol.obj
c:\users\jose_\desktop\emulador_759_v24\code\clientpatch_v759\debug\ahacker.obj
c:\users\jose_\desktop\emulador_759_v24\code\clientpatch_v759\debug\volatilemessagebox.obj
c:\users\jose_\desktop\emulador_759_v24\code\clientpatch_v759\debug\updateresource.obj
c:\users\jose_\desktop\emulador_759_v24\code\clientpatch_v759\debug\teclapressnewbutton﻿.obj
c:\users\jose_\desktop\emulador_759_v24\code\clientpatch_v759\debug\setitempricestring.obj
c:\users\jose_\desktop\emulador_759_v24\code\clientpatch_v759\debug\sendexpmsg.obj
c:\users\jose_\desktop\emulador_759_v24\code\clientpatch_v759\debug\sendchat.obj
c:\users\jose_\desktop\emulador_759_v24\code\clientpatch_v759\debug\newmount.obj
c:\users\jose_\desktop\emulador_759_v24\code\clientpatch_v759\debug\itemtooltipe.obj
c:\users\jose_\desktop\emulador_759_v24\code\clientpatch_v759\debug\newitemday.obj
c:\novo emulador 759 clean\cliente\clientpatch.ipdb
c:\novo emulador 759 clean\cliente\clientpatch.iobj
c:\malechwyd\clientpatch.dll
c:\malechwyd\clientpatch.pdb
c:\users\jose_\desktop\emulador_759_v24\code\clientpatch_v759\debug\clientpatch_v759.vcxprojassemblyreference.cache
c:\users\jose_\desktop\emulador_759_v24\code\clientpatch_v759\debug\vc120.pdb
c:\users\jose_\desktop\emulador_759_v24\code\clientpatch_v759\debug\clientpatch.tlog\cl.command.1.tlog
c:\users\jose_\desktop\emulador_759_v24\code\clientpatch_v759\debug\clientpatch.tlog\cl.read.1.tlog
c:\users\jose_\desktop\emulador_759_v24\code\clientpatch_v759\debug\clientpatch.tlog\cl.write.1.tlog
c:\users\jose_\desktop\emulador_759_v24\code\clientpatch_v759\debug\clientpatch.tlog\clientpatch.write.1u.tlog
c:\users\jose_\desktop\emulador_759_v24\code\clientpatch_v759\debug\clientpatch.tlog\link.command.1.tlog
c:\users\jose_\desktop\emulador_759_v24\code\clientpatch_v759\debug\clientpatch.tlog\link.read.1.tlog
c:\users\jose_\desktop\emulador_759_v24\code\clientpatch_v759\debug\clientpatch.tlog\link.write.1.tlog
c:\users\jose_\desktop\emulador_759_v24\code\clientpatch_v759\debug\clientpatch.tlog\metagen.write.1.tlog
